<?xml version="1.0" encoding="UTF-8"?>
<testsuite name="ru.ncd.ConverterTest" tests="1" skipped="0" failures="0" errors="0" timestamp="2019-09-27T08:00:23" hostname="mansur-ThinkPad-13-2nd-Gen" time="0.001">
  <properties/>
  <testcase name="countResult" classname="ru.ncd.ConverterTest" time="0.001"/>
  <system-out><![CDATA[]]></system-out>
  <system-err><![CDATA[]]></system-err>
</testsuite>
