<?xml version="1.0" encoding="UTF-8"?>
<testsuite name="ru.ncd.ConverterTest" tests="1" skipped="0" failures="0" errors="0" timestamp="2019-09-27T06:57:37" hostname="mansur-ThinkPad-13-2nd-Gen" time="0.002">
  <properties/>
  <testcase name="noZeros" classname="ru.ncd.ConverterTest" time="0.002"/>
  <system-out><![CDATA[]]></system-out>
  <system-err><![CDATA[]]></system-err>
</testsuite>
