<?xml version="1.0" encoding="UTF-8"?>
<testsuite name="ru.nsd.ConverterTest" tests="1" skipped="0" failures="0" errors="0" timestamp="2020-06-22T14:50:26" hostname="DESKTOP-R58VLNV" time="0.004">
  <properties/>
  <testcase name="countResult" classname="ru.nsd.ConverterTest" time="0.004"/>
  <system-out><![CDATA[]]></system-out>
  <system-err><![CDATA[]]></system-err>
</testsuite>
